[debug] [2023-07-30T06:06:50.265Z] ----------------------------------------------------------------------
[debug] [2023-07-30T06:06:50.267Z] Command:       /usr/local/bin/node /usr/local/bin/firebase init
[debug] [2023-07-30T06:06:50.268Z] CLI Version:   12.4.6
[debug] [2023-07-30T06:06:50.268Z] Platform:      darwin
[debug] [2023-07-30T06:06:50.268Z] Node Version:  v18.13.0
[debug] [2023-07-30T06:06:50.269Z] Time:          Sun Jul 30 2023 11:36:50 GMT+0530 (India Standard Time)
[debug] [2023-07-30T06:06:50.269Z] ----------------------------------------------------------------------
[debug] 
[debug] [2023-07-30T06:06:50.351Z] > command requires scopes: ["email","openid","https://www.googleapis.com/auth/cloudplatformprojects.readonly","https://www.googleapis.com/auth/firebase","https://www.googleapis.com/auth/cloud-platform"]
[debug] [2023-07-30T06:06:50.351Z] > authorizing via signed-in user (prachisharma8410@gmail.com)
[info] 
     ######## #### ########  ######## ########     ###     ######  ########
     ##        ##  ##     ## ##       ##     ##  ##   ##  ##       ##
     ######    ##  ########  ######   ########  #########  ######  ######
     ##        ##  ##    ##  ##       ##     ## ##     ##       ## ##
     ##       #### ##     ## ######## ########  ##     ##  ######  ########

You're about to initialize a Firebase project in this directory:

  /Users/prachisharma/Documents/English Flair

Before we get started, keep in mind:

  * You are initializing within an existing Firebase project directory

[info] 
=== Project Setup
[info] 
[info] First, let's associate this project directory with a Firebase project.
[info] You can create multiple project aliases by running firebase use --add, 
[info] but for now we'll just set up a default project.
[info] 
[debug] [2023-07-30T06:06:54.111Z] Using project from CLI flag: english-flair
[debug] [2023-07-30T06:06:54.113Z] >>> [apiv2][query] GET https://firebase.googleapis.com/v1beta1/projects/english-flair [none]
[debug] [2023-07-30T06:06:54.824Z] <<< [apiv2][status] GET https://firebase.googleapis.com/v1beta1/projects/english-flair 200
[debug] [2023-07-30T06:06:54.824Z] <<< [apiv2][body] GET https://firebase.googleapis.com/v1beta1/projects/english-flair {"projectId":"english-flair","projectNumber":"559761108843","displayName":"English Flair","name":"projects/english-flair","resources":{"hostingSite":"english-flair"},"state":"ACTIVE","etag":"1_608cf9d9-5106-4913-8dfc-d32dec9d261b"}
[info] i  Using project english-flair (English Flair) 
[info] 
=== Hosting Setup
[info] 
[info] Your public directory is the folder (relative to your project directory) that
[info] will contain Hosting assets to be uploaded with firebase deploy. If you
[info] have a build process for your assets, use your build's output directory.
[info] 
[info] i  Skipping write of yes/404.html 
[debug] [2023-07-30T06:07:13.002Z] >>> [apiv2][query] GET https://www.gstatic.com/firebasejs/releases.json [none]
[debug] [2023-07-30T06:07:13.131Z] <<< [apiv2][status] GET https://www.gstatic.com/firebasejs/releases.json 200
[debug] [2023-07-30T06:07:13.131Z] <<< [apiv2][body] GET https://www.gstatic.com/firebasejs/releases.json {"current":{"version":"10.1.0","browserURL":"https://www.gstatic.com/firebasejs/10.1.0/firebase.js","packageURL":"https://www.gstatic.com/firebasejs/10.1.0/firebase.tgz"},"live":{"version":"10.1","browserURL":"https://www.gstatic.com/firebasejs/live/10.1/firebase.js","packageURL":"https://www.gstatic.com/firebasejs/live/10.1/firebase.tgz"},"components":{"analytics":"https://www.gstatic.com/firebasejs/10.1.0/firebase-analytics.js","app":"https://www.gstatic.com/firebasejs/10.1.0/firebase-app.js","app-check":"https://www.gstatic.com/firebasejs/10.1.0/firebase-app-check.js","auth":"https://www.gstatic.com/firebasejs/10.1.0/firebase-auth.js","auth/cordova":"https://www.gstatic.com/firebasejs/10.1.0/firebase-auth/cordova.js","functions":"https://www.gstatic.com/firebasejs/10.1.0/firebase-functions.js","firestore":"https://www.gstatic.com/firebasejs/10.1.0/firebase-firestore.js","firestore/lite":"https://www.gstatic.com/firebasejs/10.1.0/firebase-firestore/lite.js","installations":"https://www.gstatic.com/firebasejs/10.1.0/firebase-installations.js","storage":"https://www.gstatic.com/firebasejs/10.1.0/firebase-storage.js","performance":"https://www.gstatic.com/firebasejs/10.1.0/firebase-performance.js","remote-config":"https://www.gstatic.com/firebasejs/10.1.0/firebase-remote-config.js","messaging":"https://www.gstatic.com/firebasejs/10.1.0/firebase-messaging.js","messaging/sw":"https://www.gstatic.com/firebasejs/10.1.0/firebase-messaging/sw.js","database":"https://www.gstatic.com/firebasejs/10.1.0/firebase-database.js","firestore.memory":"https://www.gstatic.com/firebasejs/10.1.0/firebase-firestore.memory.js"}}
[info] i  Skipping write of yes/index.html 
[info] 
[info] i  Didn't detect a .git folder. Assuming /Users/prachisharma/Documents/English Flair is the project root. 
[info] i  Authorizing with GitHub to upload your service account to a GitHub repository's secrets store. 
[info] 
[info] Visit this URL on this device to log in:
[info] https://github.com/login/oauth/authorize?client_id=89cf50f02ac6aaed3484&state=161452074&redirect_uri=http%3A%2F%2Flocalhost%3A9005&scope=read%3Auser%20repo%20public_repo
[info] 
[info] Waiting for authentication...
[debug] [2023-07-30T06:07:28.719Z] >>> [apiv2][query] POST https://github.com/login/oauth/access_token [none]
[debug] [2023-07-30T06:07:28.719Z] >>> [apiv2][body] POST https://github.com/login/oauth/access_token [stream]
[debug] [2023-07-30T06:07:29.195Z] <<< [apiv2][status] POST https://github.com/login/oauth/access_token 200
[debug] [2023-07-30T06:07:29.196Z] <<< [apiv2][body] POST https://github.com/login/oauth/access_token {"access_token":"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","token_type":"bearer","scope":"read:user,repo"}
[debug] [2023-07-30T06:07:29.354Z] >>> [apiv2][query] GET https://api.github.com/user [none]
[debug] [2023-07-30T06:07:29.809Z] <<< [apiv2][status] GET https://api.github.com/user 200
[debug] [2023-07-30T06:07:29.809Z] <<< [apiv2][body] GET https://api.github.com/user {"login":"Prachi9127-code","id":62355777,"node_id":"MDQ6VXNlcjYyMzU1Nzc3","avatar_url":"https://avatars.githubusercontent.com/u/62355777?v=4","gravatar_id":"","url":"https://api.github.com/users/Prachi9127-code","html_url":"https://github.com/Prachi9127-code","followers_url":"https://api.github.com/users/Prachi9127-code/followers","following_url":"https://api.github.com/users/Prachi9127-code/following{/other_user}","gists_url":"https://api.github.com/users/Prachi9127-code/gists{/gist_id}","starred_url":"https://api.github.com/users/Prachi9127-code/starred{/owner}{/repo}","subscriptions_url":"https://api.github.com/users/Prachi9127-code/subscriptions","organizations_url":"https://api.github.com/users/Prachi9127-code/orgs","repos_url":"https://api.github.com/users/Prachi9127-code/repos","events_url":"https://api.github.com/users/Prachi9127-code/events{/privacy}","received_events_url":"https://api.github.com/users/Prachi9127-code/received_events","type":"User","site_admin":false,"name":"Prachi Sharma","company":"Amity University, Rajasthan","blog":"","location":"Agra, Uttar Pradesh, India","email":null,"hireable":null,"bio":null,"twitter_username":"PrachiS90903601","public_repos":24,"public_gists":0,"followers":3,"following":6,"created_at":"2020-03-18T19:42:38Z","updated_at":"2023-07-24T07:04:43Z","private_gists":0,"total_private_repos":1,"owned_private_repos":1,"disk_usage":17402,"collaborators":0,"two_factor_authentication":false,"plan":{"name":"pro","space":976562499,"collaborators":0,"private_repos":9999}}
[info] 
[info] ✔  Success! Logged into GitHub as Prachi9127-code 
[info] 
